<?xml version="1.0" encoding="UTF-8"?>
<testsuite xmlns:xsi="http://www.w3.org/2001/XMLSchema-instance" xsi:noNamespaceSchemaLocation="https://maven.apache.org/surefire/maven-surefire-plugin/xsd/surefire-test-report-3.0.xsd" version="3.0" name="com.project.blogapp.BlogappApplicationTests" time="16.442" tests="1" errors="0" skipped="0" failures="0">
  <properties>
[...]
</properties>
  <testcase name="contextLoads" classname="com.project.blogapp.BlogappApplicationTests" time="1.581">
    <system-out><![CDATA[21:07:17.924 [main] INFO org.springframework.test.context.support.AnnotationConfigContextLoaderUtils -- Could not detect default configuration classes for test class [com.project.blogapp.BlogappApplicationTests]: BlogappApplicationTests does not declare any static, non-private, non-final, nested classes annotated with @Configuration.
21:07:18.294 [main] INFO org.springframework.boot.test.context.SpringBootTestContextBootstrapper -- Found @SpringBootConfiguration com.project.blogapp.BlogappApplication for test class com.project.blogapp.BlogappApplicationTests

  .   ____          _            __ _ _
 /\\ / ___'_ __ _ _(_)_ __  __ _ \ \ \ \
( ( )\___ | '_ | '_| | '_ \/ _` | \ \ \ \
 \\/  ___)| |_)| | | | | || (_| |  ) ) ) )
  '  |____| .__|_| |_|_| |_\__, | / / / /
 =========|_|==============|___/=/_/_/_/
 :: Spring Boot ::                (v3.1.3)

2024-10-02T21:07:19.766+05:30  INFO 13612 --- [           main] c.p.blogapp.BlogappApplicationTests      : Starting BlogappApplicationTests using Java 17.0.10 with PID 13612 (started by HP in C:\Users\HP\OneDrive\Desktop\blog\blogapp)
2024-10-02T21:07:19.770+05:30  INFO 13612 --- [           main] c.p.blogapp.BlogappApplicationTests      : No active profile set, falling back to 1 default profile: "default"
2024-10-02T21:07:21.912+05:30  INFO 13612 --- [           main] .s.d.r.c.RepositoryConfigurationDelegate : Bootstrapping Spring Data JPA repositories in DEFAULT mode.
2024-10-02T21:07:21.981+05:30  INFO 13612 --- [           main] .s.d.r.c.RepositoryConfigurationDelegate : Finished Spring Data repository scanning in 41 ms. Found 0 JPA repository interfaces.
2024-10-02T21:07:23.523+05:30  INFO 13612 --- [           main] o.hibernate.jpa.internal.util.LogHelper  : HHH000204: Processing PersistenceUnitInfo [name: default]
2024-10-02T21:07:23.740+05:30  INFO 13612 --- [           main] org.hibernate.Version                    : HHH000412: Hibernate ORM core version 6.2.7.Final
2024-10-02T21:07:23.748+05:30  INFO 13612 --- [           main] org.hibernate.cfg.Environment            : HHH000406: Using bytecode reflection optimizer
2024-10-02T21:07:24.394+05:30  INFO 13612 --- [           main] o.h.b.i.BytecodeProviderInitiator        : HHH000021: Bytecode provider name : bytebuddy
2024-10-02T21:07:24.836+05:30  INFO 13612 --- [           main] o.s.o.j.p.SpringPersistenceUnitInfo      : No LoadTimeWeaver setup: ignoring JPA class transformer
2024-10-02T21:07:24.891+05:30  INFO 13612 --- [           main] com.zaxxer.hikari.HikariDataSource       : HikariPool-1 - Starting...
2024-10-02T21:07:26.198+05:30  INFO 13612 --- [           main] com.zaxxer.hikari.pool.HikariPool        : HikariPool-1 - Added connection com.mysql.cj.jdbc.ConnectionImpl@7103745
2024-10-02T21:07:26.205+05:30  INFO 13612 --- [           main] com.zaxxer.hikari.HikariDataSource       : HikariPool-1 - Start completed.
2024-10-02T21:07:26.385+05:30  WARN 13612 --- [           main] org.hibernate.orm.deprecation            : HHH90000026: MySQL8Dialect has been deprecated; use org.hibernate.dialect.MySQLDialect instead
2024-10-02T21:07:27.113+05:30  INFO 13612 --- [           main] o.h.b.i.BytecodeProviderInitiator        : HHH000021: Bytecode provider name : bytebuddy
2024-10-02T21:07:29.121+05:30  INFO 13612 --- [           main] o.h.e.t.j.p.i.JtaPlatformInitiator       : HHH000490: Using JtaPlatform implementation: [org.hibernate.engine.transaction.jta.platform.internal.NoJtaPlatform]
Hibernate: drop table if exists users
Hibernate: drop table if exists users_seq
Hibernate: create table users (id integer not null, user_name varchar(100) not null, about varchar(255), password varchar(255) not null, primary key (id)) engine=InnoDB
Hibernate: create table users_seq (next_val bigint) engine=InnoDB
Hibernate: insert into users_seq values ( 1 )
2024-10-02T21:07:29.749+05:30  INFO 13612 --- [           main] j.LocalContainerEntityManagerFactoryBean : Initialized JPA EntityManagerFactory for persistence unit 'default'
2024-10-02T21:07:30.424+05:30  WARN 13612 --- [           main] JpaBaseConfiguration$JpaWebConfiguration : spring.jpa.open-in-view is enabled by default. Therefore, database queries may be performed during view rendering. Explicitly configure spring.jpa.open-in-view to disable this warning
2024-10-02T21:07:31.643+05:30  WARN 13612 --- [           main] .s.s.UserDetailsServiceAutoConfiguration : 

Using generated security password: 007d5512-38d6-4e83-8067-a8a37b538c9a

This generated password is for development use only. Your security configuration must be updated before running your application in production.

2024-10-02T21:07:32.033+05:30  INFO 13612 --- [           main] o.s.s.web.DefaultSecurityFilterChain     : Will secure any request with [org.springframework.security.web.session.DisableEncodeUrlFilter@6bec566e, org.springframework.security.web.context.request.async.WebAsyncManagerIntegrationFilter@47400608, org.springframework.security.web.context.SecurityContextHolderFilter@1c966488, org.springframework.security.web.header.HeaderWriterFilter@28b7646, org.springframework.security.web.csrf.CsrfFilter@7e764e5c, org.springframework.security.web.authentication.logout.LogoutFilter@7d108063, org.springframework.security.web.authentication.UsernamePasswordAuthenticationFilter@36ce0bc2, org.springframework.security.web.authentication.ui.DefaultLoginPageGeneratingFilter@48ba37dc, org.springframework.security.web.authentication.ui.DefaultLogoutPageGeneratingFilter@374bf34b, org.springframework.security.web.authentication.www.BasicAuthenticationFilter@7f6a6d46, org.springframework.security.web.savedrequest.RequestCacheAwareFilter@19d0d1ab, org.springframework.security.web.servletapi.SecurityContextHolderAwareRequestFilter@3b95fce9, org.springframework.security.web.authentication.AnonymousAuthenticationFilter@67aaf882, org.springframework.security.web.access.ExceptionTranslationFilter@6dcc7696, org.springframework.security.web.access.intercept.AuthorizationFilter@5a88849]
2024-10-02T21:07:32.161+05:30  INFO 13612 --- [           main] c.p.blogapp.BlogappApplicationTests      : Started BlogappApplicationTests in 13.32 seconds (process running for 16.572)
]]></system-out>
  </testcase>
</testsuite>